# JRE version: Java(TM) SE Runtime Environment (8.0_321-b07) (build 1.8.0_321-b07)
# Java VM: Java HotSpot(TM) 64-Bit Server VM (25.321-b07 mixed mode windows-amd64 compressed oops)
Heap:
 PSYoungGen      total 147968K, used 82560K [0x00000000d5580000, 0x00000000df580000, 0x0000000100000000)
  eden space 133120K, 62% used [0x00000000d5580000,0x00000000da620348,0x00000000dd780000)
  from space 14848K, 0% used [0x00000000de700000,0x00000000de700000,0x00000000df580000)
  to   space 15360K, 0% used [0x00000000dd780000,0x00000000dd780000,0x00000000de680000)
 ParOldGen       total 76288K, used 20601K [0x0000000080000000, 0x0000000084a80000, 0x00000000d5580000)
  object space 76288K, 27% used [0x0000000080000000,0x000000008141e5b0,0x0000000084a80000)
 Metaspace       used 29585K, capacity 30266K, committed 30592K, reserved 1075200K
  class space    used 3894K, capacity 4107K, committed 4224K, reserved 1048576K
GC Heap History (10 events):
Event: 4.313 GC heap before
{Heap before GC invocations=3 (full 0):
 PSYoungGen      total 38400K, used 38385K [0x00000000d5580000, 0x00000000d8000000, 0x0000000100000000)
  eden space 33280K, 100% used [0x00000000d5580000,0x00000000d7600000,0x00000000d7600000)
  from space 5120K, 99% used [0x00000000d7b00000,0x00000000d7ffc610,0x00000000d8000000)
  to   space 5120K, 0% used [0x00000000d7600000,0x00000000d7600000,0x00000000d7b00000)
 ParOldGen       total 87552K, used 1169K [0x0000000080000000, 0x0000000085580000, 0x00000000d5580000)
  object space 87552K, 1% used [0x0000000080000000,0x0000000080124610,0x0000000085580000)
 Metaspace       used 18468K, capacity 18856K, committed 18944K, reserved 1064960K
  class space    used 2438K, capacity 2558K, committed 2560K, reserved 1048576K
Event: 4.330 GC heap after
Heap after GC invocations=3 (full 0):
 PSYoungGen      total 38400K, used 5094K [0x00000000d5580000, 0x00000000da080000, 0x0000000100000000)
  eden space 33280K, 0% used [0x00000000d5580000,0x00000000d5580000,0x00000000d7600000)
  from space 5120K, 99% used [0x00000000d7600000,0x00000000d7af9b28,0x00000000d7b00000)
  to   space 5120K, 0% used [0x00000000d9b80000,0x00000000d9b80000,0x00000000da080000)
 ParOldGen       total 87552K, used 6639K [0x0000000080000000, 0x0000000085580000, 0x00000000d5580000)
  object space 87552K, 7% used [0x0000000080000000,0x000000008067bdb0,0x0000000085580000)
 Metaspace       used 18468K, capacity 18856K, committed 18944K, reserved 1064960K
  class space    used 2438K, capacity 2558K, committed 2560K, reserved 1048576K
}
Event: 4.721 GC heap before
{Heap before GC invocations=4 (full 0):
 PSYoungGen      total 38400K, used 38374K [0x00000000d5580000, 0x00000000da080000, 0x0000000100000000)
  eden space 33280K, 100% used [0x00000000d5580000,0x00000000d7600000,0x00000000d7600000)
  from space 5120K, 99% used [0x00000000d7600000,0x00000000d7af9b28,0x00000000d7b00000)
  to   space 5120K, 0% used [0x00000000d9b80000,0x00000000d9b80000,0x00000000da080000)
 ParOldGen       total 87552K, used 6639K [0x0000000080000000, 0x0000000085580000, 0x00000000d5580000)
  object space 87552K, 7% used [0x0000000080000000,0x000000008067bdb0,0x0000000085580000)
 Metaspace       used 18866K, capacity 19206K, committed 19584K, reserved 1067008K
  class space    used 2445K, capacity 2561K, committed 2688K, reserved 1048576K
Event: 4.734 GC heap after
Heap after GC invocations=4 (full 0):
 PSYoungGen      total 71680K, used 5098K [0x00000000d5580000, 0x00000000da080000, 0x0000000100000000)
  eden space 66560K, 0% used [0x00000000d5580000,0x00000000d5580000,0x00000000d9680000)
  from space 5120K, 99% used [0x00000000d9b80000,0x00000000da07a9e0,0x00000000da080000)
  to   space 5120K, 0% used [0x00000000d9680000,0x00000000d9680000,0x00000000d9b80000)
 ParOldGen       total 87552K, used 9045K [0x0000000080000000, 0x0000000085580000, 0x00000000d5580000)
  object space 87552K, 10% used [0x0000000080000000,0x00000000808d56d0,0x0000000085580000)
 Metaspace       used 18866K, capacity 19206K, committed 19584K, reserved 1067008K
  class space    used 2445K, capacity 2561K, committed 2688K, reserved 1048576K
}
Event: 5.412 GC heap before
{Heap before GC invocations=5 (full 0):
 PSYoungGen      total 71680K, used 71658K [0x00000000d5580000, 0x00000000da080000, 0x0000000100000000)
  eden space 66560K, 100% used [0x00000000d5580000,0x00000000d9680000,0x00000000d9680000)
  from space 5120K, 99% used [0x00000000d9b80000,0x00000000da07a9e0,0x00000000da080000)
  to   space 5120K, 0% used [0x00000000d9680000,0x00000000d9680000,0x00000000d9b80000)
 ParOldGen       total 87552K, used 9045K [0x0000000080000000, 0x0000000085580000, 0x00000000d5580000)
  object space 87552K, 10% used [0x0000000080000000,0x00000000808d56d0,0x0000000085580000)
 Metaspace       used 19643K, capacity 20052K, committed 20352K, reserved 1067008K
  class space    used 2518K, capacity 2638K, committed 2688K, reserved 1048576K
Event: 5.438 GC heap after
Heap after GC invocations=5 (full 0):
 PSYoungGen      total 71680K, used 5118K [0x00000000d5580000, 0x00000000df680000, 0x0000000100000000)
  eden space 66560K, 0% used [0x00000000d5580000,0x00000000d5580000,0x00000000d9680000)
  from space 5120K, 99% used [0x00000000d9680000,0x00000000d9b7f8a0,0x00000000d9b80000)
  to   space 15872K, 0% used [0x00000000de700000,0x00000000de700000,0x00000000df680000)
 ParOldGen       total 87552K, used 19558K [0x0000000080000000, 0x0000000085580000, 0x00000000d5580000)
  object space 87552K, 22% used [0x0000000080000000,0x0000000081319990,0x0000000085580000)
 Metaspace       used 19643K, capacity 20052K, committed 20352K, reserved 1067008K
  class space    used 2518K, capacity 2638K, committed 2688K, reserved 1048576K
}
Event: 5.745 GC heap before
{Heap before GC invocations=6 (full 0):
 PSYoungGen      total 71680K, used 17859K [0x00000000d5580000, 0x00000000df680000, 0x0000000100000000)
  eden space 66560K, 19% used [0x00000000d5580000,0x00000000d61f1500,0x00000000d9680000)
  from space 5120K, 99% used [0x00000000d9680000,0x00000000d9b7f8a0,0x00000000d9b80000)
  to   space 15872K, 0% used [0x00000000de700000,0x00000000de700000,0x00000000df680000)
 ParOldGen       total 87552K, used 19558K [0x0000000080000000, 0x0000000085580000, 0x00000000d5580000)
  object space 87552K, 22% used [0x0000000080000000,0x0000000081319990,0x0000000085580000)
 Metaspace       used 20770K, capacity 21206K, committed 21248K, reserved 1067008K
  class space    used 2654K, capacity 2805K, committed 2816K, reserved 1048576K
Event: 5.775 GC heap after
Heap after GC invocations=6 (full 0):
 PSYoungGen      total 147968K, used 6080K [0x00000000d5580000, 0x00000000df580000, 0x0000000100000000)
  eden space 133120K, 0% used [0x00000000d5580000,0x00000000d5580000,0x00000000dd780000)
  from space 14848K, 40% used [0x00000000de700000,0x00000000decf00e0,0x00000000df580000)
  to   space 15360K, 0% used [0x00000000dd780000,0x00000000dd780000,0x00000000de680000)
 ParOldGen       total 87552K, used 19558K [0x0000000080000000, 0x0000000085580000, 0x00000000d5580000)
  object space 87552K, 22% used [0x0000000080000000,0x0000000081319990,0x0000000085580000)
 Metaspace       used 20770K, capacity 21206K, committed 21248K, reserved 1067008K
  class space    used 2654K, capacity 2805K, committed 2816K, reserved 1048576K
}
Event: 5.775 GC heap before
{Heap before GC invocations=7 (full 1):
 PSYoungGen      total 147968K, used 6080K [0x00000000d5580000, 0x00000000df580000, 0x0000000100000000)
  eden space 133120K, 0% used [0x00000000d5580000,0x00000000d5580000,0x00000000dd780000)
  from space 14848K, 40% used [0x00000000de700000,0x00000000decf00e0,0x00000000df580000)
  to   space 15360K, 0% used [0x00000000dd780000,0x00000000dd780000,0x00000000de680000)
 ParOldGen       total 87552K, used 19558K [0x0000000080000000, 0x0000000085580000, 0x00000000d5580000)
  object space 87552K, 22% used [0x0000000080000000,0x0000000081319990,0x0000000085580000)
 Metaspace       used 20770K, capacity 21206K, committed 21248K, reserved 1067008K
  class space    used 2654K, capacity 2805K, committed 2816K, reserved 1048576K
Event: 5.893 GC heap after
Heap after GC invocations=7 (full 1):
 PSYoungGen      total 147968K, used 0K [0x00000000d5580000, 0x00000000df580000, 0x0000000100000000)
  eden space 133120K, 0% used [0x00000000d5580000,0x00000000d5580000,0x00000000dd780000)
  from space 14848K, 0% used [0x00000000de700000,0x00000000de700000,0x00000000df580000)
  to   space 15360K, 0% used [0x00000000dd780000,0x00000000dd780000,0x00000000de680000)
 ParOldGen       total 76288K, used 20601K [0x0000000080000000, 0x0000000084a80000, 0x00000000d5580000)
  object space 76288K, 27% used [0x0000000080000000,0x000000008141e5b0,0x0000000084a80000)
 Metaspace       used 20770K, capacity 21206K, committed 21248K, reserved 1067008K
  class space    used 2654K, capacity 2805K, committed 2816K, reserved 1048576K
}

